{
  "RSpec": {
    "coverage": {
      "/Users/lnz/Downloads/Makers/Projects/MakersBnB/spec/user_repository_spec.rb": {
        "lines": [
          1,
          null,
          1,
          2,
          2,
          2,
          null,
          null,
          1,
          1,
          2,
          null,
          null,
          1,
          1,
          null,
          1,
          null,
          null,
          null,
          null,
          null,
          1,
          null,
          1,
          null,
          1,
          1,
          1,
          1,
          null,
          null,
          null,
          null,
          1,
          1,
          1,
          null,
          1,
          null,
          1,
          1,
          1,
          1,
          1,
          null,
          1,
          1,
          1,
          1,
          null,
          null,
          null,
          null
        ]
      },
      "/Users/lnz/Downloads/Makers/Projects/MakersBnB/lib/user_repository.rb": {
        "lines": [
          1,
          1,
          null,
          1,
          null,
          1,
          5,
          5,
          5,
          5,
          5,
          5,
          null,
          null,
          1,
          1,
          1,
          1,
          null,
          5,
          null,
          1,
          null,
          null,
          null,
          null
        ]
      },
      "/Users/lnz/Downloads/Makers/Projects/MakersBnB/lib/user.rb": {
        "lines": [
          1,
          1,
          null
        ]
      }
    },
    "timestamp": 1667234515
  }
}
